{
  "stats": {
    "suites": 1,
    "tests": 1,
    "passes": 0,
    "pending": 0,
    "failures": 1,
    "start": "2020-05-08T16:07:04.557Z",
    "end": "2020-05-08T16:07:29.523Z",
    "duration": 24966,
    "testsRegistered": 1,
    "passPercent": 0,
    "pendingPercent": 0,
    "other": 0,
    "hasOther": false,
    "skipped": 0,
    "hasSkipped": false
  },
  "results": [
    {
      "uuid": "38a3e60e-46d7-41c2-b11d-abb0449188a1",
      "title": "",
      "fullFile": "cypress/integration/examples/quicksms.spec.js",
      "file": "cypress/integration/examples/quicksms.spec.js",
      "beforeHooks": [],
      "afterHooks": [],
      "tests": [],
      "suites": [
        {
          "uuid": "ccbaf6c1-61d6-44b9-9060-5900fcea00d1",
          "title": "save campaign",
          "fullFile": "",
          "file": "",
          "beforeHooks": [],
          "afterHooks": [],
          "tests": [
            {
              "title": "message rapide",
              "fullTitle": "save campaign message rapide",
              "timedOut": null,
              "duration": 22762,
              "state": "failed",
              "speed": null,
              "pass": false,
              "fail": true,
              "pending": false,
              "context": null,
              "code": "cy.login('237667646589', 'inet12345');\ncy.get('div.main-page nav.navbar.navbar-expand-lg div:nth-child(3) ul.navbar-nav.ml-auto.nav-flex-icons li.nav-item.nav-link-btn:nth-child(2) > span:nth-child(1)').click(); //click sur sms rapide\ncy.log('add new contact');\ncy.get('#phone').type('650044824');\ncy.get('#title').type('klaus');\ncy.get('#textarea').type('hello');\ncy.get('.form > :nth-child(4)').click(); //click sur envoyer\ncy.get('#toast-container').contains('message envoyé');",
              "err": {
                "message": "AssertionError: Timed out retrying: Expected to find content: 'message envoyé' within the element: <div#toast-container.toast-top-right.toast-container> but never did.",
                "estack": "AssertionError: Timed out retrying: Expected to find content: 'message envoyé' within the element: <div#toast-container.toast-top-right.toast-container> but never did.\nAssertionError: Expected to find element: `:not(script,style):cy-contains('message envoyé'), [type='submit'][value~='message envoyé']`, but never found it.\n    at ensureExistence (http://server3.inet-cm.com:7016/__cypress/runner/cypress_runner.js:137673:32)\n    at Object.ensureElExistence (http://server3.inet-cm.com:7016/__cypress/runner/cypress_runner.js:137691:12)\n    at ensureExistence (http://server3.inet-cm.com:7016/__cypress/runner/cypress_runner.js:127867:23)\n    at onFailFn (http://server3.inet-cm.com:7016/__cypress/runner/cypress_runner.js:127905:9)\n    at tryCatcher (http://server3.inet-cm.com:7016/__cypress/runner/cypress_runner.js:9065:23)\n    at Promise._settlePromiseFromHandler (http://server3.inet-cm.com:7016/__cypress/runner/cypress_runner.js:7000:31)\n    at Promise._settlePromise (http://server3.inet-cm.com:7016/__cypress/runner/cypress_runner.js:7057:18)\n    at Promise._settlePromise0 (http://server3.inet-cm.com:7016/__cypress/runner/cypress_runner.js:7102:10)\n    at Promise._settlePromises (http://server3.inet-cm.com:7016/__cypress/runner/cypress_runner.js:7178:18)\n    at _drainQueueStep (http://server3.inet-cm.com:7016/__cypress/runner/cypress_runner.js:3772:12)\n    at _drainQueue (http://server3.inet-cm.com:7016/__cypress/runner/cypress_runner.js:3765:9)\n    at Async.../../node_modules/bluebird/js/release/async.js.Async._drainQueues (http://server3.inet-cm.com:7016/__cypress/runner/cypress_runner.js:3781:5)\n    at Async.drainQueues (http://server3.inet-cm.com:7016/__cypress/runner/cypress_runner.js:3651:14)",
                "diff": null
              },
              "uuid": "af72a231-4a1f-46dc-ba1e-a329a927f35c",
              "parentUUID": "ccbaf6c1-61d6-44b9-9060-5900fcea00d1",
              "isHook": false,
              "skipped": false
            }
          ],
          "suites": [],
          "passes": [],
          "failures": [
            "af72a231-4a1f-46dc-ba1e-a329a927f35c"
          ],
          "pending": [],
          "skipped": [],
          "duration": 22762,
          "root": false,
          "rootEmpty": false,
          "_timeout": 2000
        }
      ],
      "passes": [],
      "failures": [],
      "pending": [],
      "skipped": [],
      "duration": 0,
      "root": true,
      "rootEmpty": true,
      "_timeout": 2000
    }
  ],
  "meta": {
    "mocha": {
      "version": "7.0.1"
    },
    "mochawesome": {
      "options": {
        "quiet": false,
        "reportFilename": "mochawesome",
        "saveHtml": false,
        "saveJson": true,
        "consoleReporter": "spec",
        "useInlineDiffs": false,
        "code": true
      },
      "version": "6.1.1"
    },
    "marge": {
      "options": {
        "id": "default",
        "reportDir": "cypress/reports/mocha",
        "quite": true,
        "overwrite": false,
        "html": false,
        "json": true
      },
      "version": "5.1.0"
    }
  }
}