{
  "stats": {
    "suites": 1,
    "tests": 1,
    "passes": 0,
    "pending": 0,
    "failures": 1,
    "start": "2020-05-08T16:07:35.651Z",
    "end": "2020-05-08T16:08:00.329Z",
    "duration": 24678,
    "testsRegistered": 1,
    "passPercent": 0,
    "pendingPercent": 0,
    "other": 0,
    "hasOther": false,
    "skipped": 0,
    "hasSkipped": false
  },
  "results": [
    {
      "uuid": "981ecff6-4cb8-46b7-aced-91b31ee18b66",
      "title": "",
      "fullFile": "cypress/integration/examples/saveSms.spec.js",
      "file": "cypress/integration/examples/saveSms.spec.js",
      "beforeHooks": [],
      "afterHooks": [],
      "tests": [],
      "suites": [
        {
          "uuid": "195b7adc-d3b9-456a-8fab-9c804c7ec6ac",
          "title": "save campaign",
          "fullFile": "",
          "file": "",
          "beforeHooks": [],
          "afterHooks": [],
          "tests": [
            {
              "title": "check list of campaigns carried out",
              "fullTitle": "save campaign check list of campaigns carried out",
              "timedOut": null,
              "duration": 22881,
              "state": "failed",
              "speed": null,
              "pass": false,
              "fail": true,
              "pending": false,
              "context": null,
              "code": "cy.login('237667646589', 'inet12345');\ncy.log('add new contact');\ncy.newContact('650044824', 'klaus', 'douala', 'male', 'venderlich', '13'); //fill other chmaps\ncy.log(\"save Message\");\ncy.saveMessage('klausCamp', 'klaus', 'hello');\ncy.log('check  campaign name ');\ncy.get('tbody > :nth-child(1) > :nth-child(2)').contains('klausCamp');\ncy.log('check  sender name');\ncy.get('tbody > :nth-child(1) > :nth-child(3)').should('be.visible').contains('klaus');\ncy.log('check  sender name');\ncy.get('tbody > :nth-child(1) > :nth-child(3)').should('be.visible');",
              "err": {
                "message": "AssertionError: Timed out retrying: Expected to find element: `tbody > :nth-child(1) > :nth-child(2)`, but never found it.",
                "estack": "AssertionError: Timed out retrying: Expected to find element: `tbody > :nth-child(1) > :nth-child(2)`, but never found it.\n    at ensureExistence (http://server3.inet-cm.com:7016/__cypress/runner/cypress_runner.js:137673:32)\n    at Object.ensureElExistence (http://server3.inet-cm.com:7016/__cypress/runner/cypress_runner.js:137691:12)\n    at ensureExistence (http://server3.inet-cm.com:7016/__cypress/runner/cypress_runner.js:127867:23)\n    at onFailFn (http://server3.inet-cm.com:7016/__cypress/runner/cypress_runner.js:127905:9)\n    at tryCatcher (http://server3.inet-cm.com:7016/__cypress/runner/cypress_runner.js:9065:23)\n    at Promise._settlePromiseFromHandler (http://server3.inet-cm.com:7016/__cypress/runner/cypress_runner.js:7000:31)\n    at Promise._settlePromise (http://server3.inet-cm.com:7016/__cypress/runner/cypress_runner.js:7057:18)\n    at Promise._settlePromise0 (http://server3.inet-cm.com:7016/__cypress/runner/cypress_runner.js:7102:10)\n    at Promise._settlePromises (http://server3.inet-cm.com:7016/__cypress/runner/cypress_runner.js:7178:18)\n    at _drainQueueStep (http://server3.inet-cm.com:7016/__cypress/runner/cypress_runner.js:3772:12)\n    at _drainQueue (http://server3.inet-cm.com:7016/__cypress/runner/cypress_runner.js:3765:9)\n    at Async.../../node_modules/bluebird/js/release/async.js.Async._drainQueues (http://server3.inet-cm.com:7016/__cypress/runner/cypress_runner.js:3781:5)\n    at Async.drainQueues (http://server3.inet-cm.com:7016/__cypress/runner/cypress_runner.js:3651:14)",
                "diff": null
              },
              "uuid": "13155dbf-da07-46ac-9338-5f0f79920896",
              "parentUUID": "195b7adc-d3b9-456a-8fab-9c804c7ec6ac",
              "isHook": false,
              "skipped": false
            }
          ],
          "suites": [],
          "passes": [],
          "failures": [
            "13155dbf-da07-46ac-9338-5f0f79920896"
          ],
          "pending": [],
          "skipped": [],
          "duration": 22881,
          "root": false,
          "rootEmpty": false,
          "_timeout": 2000
        }
      ],
      "passes": [],
      "failures": [],
      "pending": [],
      "skipped": [],
      "duration": 0,
      "root": true,
      "rootEmpty": true,
      "_timeout": 2000
    }
  ],
  "meta": {
    "mocha": {
      "version": "7.0.1"
    },
    "mochawesome": {
      "options": {
        "quiet": false,
        "reportFilename": "mochawesome",
        "saveHtml": false,
        "saveJson": true,
        "consoleReporter": "spec",
        "useInlineDiffs": false,
        "code": true
      },
      "version": "6.1.1"
    },
    "marge": {
      "options": {
        "id": "default",
        "reportDir": "cypress/reports/mocha",
        "quite": true,
        "overwrite": false,
        "html": false,
        "json": true
      },
      "version": "5.1.0"
    }
  }
}