{
  "stats": {
    "suites": 1,
    "tests": 1,
    "passes": 0,
    "pending": 0,
    "failures": 1,
    "start": "2020-05-08T16:04:22.818Z",
    "end": "2020-05-08T16:04:41.174Z",
    "duration": 18356,
    "testsRegistered": 1,
    "passPercent": 0,
    "pendingPercent": 0,
    "other": 0,
    "hasOther": false,
    "skipped": 0,
    "hasSkipped": false
  },
  "results": [
    {
      "uuid": "a06e7a85-fa3f-4363-8eab-a911f63208b9",
      "title": "",
      "fullFile": "cypress/integration/examples/buyBundle.spec.js",
      "file": "cypress/integration/examples/buyBundle.spec.js",
      "beforeHooks": [],
      "afterHooks": [],
      "tests": [],
      "suites": [
        {
          "uuid": "35c5b22f-30cf-4fd3-9be6-6b0e188325c1",
          "title": "Buy bundle",
          "fullFile": "",
          "file": "",
          "beforeHooks": [],
          "afterHooks": [],
          "tests": [
            {
              "title": "select bundle",
              "fullTitle": "Buy bundle select bundle",
              "timedOut": null,
              "duration": 16975,
              "state": "failed",
              "speed": null,
              "pass": false,
              "fail": true,
              "pending": false,
              "context": null,
              "code": "cy.login('237667646589', 'inet12345');\ncy.get('[href=\"#/admin/bundles-purchase\"]').click(); //cliquer sur recharge\ncy.wait(3000);\ncy.log('250 souscription');\ncy.get('div.main-page div.container app-bundles-purchase.ng-star-inserted:nth-child(2) div.container.ng-star-inserted div.row:nth-child(2) div.plan-category div.row div.col-md-3.ng-star-inserted:nth-child(1) div.plan-card > button.btn.btn-more').click(); //click sur souscris\ncy.log('coût: 250 FCFA doit etre visible'); //   cy.get('[style=\"float: right;font-weight: bold;\"]')\n//   .contains('coût: 250 FCFA')\ncy.log('select orange Money');\ncy.get(':nth-child(1) > .row > :nth-child(1) > .payment-method-container > .title').click(); //select orange money\ncy.log('enter number');\ncy.get('#phone').click({\n  force: true\n}).type('650044824');\ncy.log('click sur pousuivre');\ncy.get('.btn').click();\ncy.get('[style=\"font-weight: bolder;margin: auto;padding: 13px;\"]').should('be.visible');\ncy.log('bundle payment NO WORKING');",
              "err": {
                "message": "AssertionError: Timed out retrying: Expected to find element: `[style=\"font-weight: bolder;margin: auto;padding: 13px;\"]`, but never found it.",
                "estack": "AssertionError: Timed out retrying: Expected to find element: `[style=\"font-weight: bolder;margin: auto;padding: 13px;\"]`, but never found it.\n    at ensureExistence (http://server3.inet-cm.com:7016/__cypress/runner/cypress_runner.js:137673:32)\n    at Object.ensureElExistence (http://server3.inet-cm.com:7016/__cypress/runner/cypress_runner.js:137691:12)\n    at ensureExistence (http://server3.inet-cm.com:7016/__cypress/runner/cypress_runner.js:127867:23)\n    at onFailFn (http://server3.inet-cm.com:7016/__cypress/runner/cypress_runner.js:127905:9)\n    at tryCatcher (http://server3.inet-cm.com:7016/__cypress/runner/cypress_runner.js:9065:23)\n    at Promise._settlePromiseFromHandler (http://server3.inet-cm.com:7016/__cypress/runner/cypress_runner.js:7000:31)\n    at Promise._settlePromise (http://server3.inet-cm.com:7016/__cypress/runner/cypress_runner.js:7057:18)\n    at Promise._settlePromise0 (http://server3.inet-cm.com:7016/__cypress/runner/cypress_runner.js:7102:10)\n    at Promise._settlePromises (http://server3.inet-cm.com:7016/__cypress/runner/cypress_runner.js:7178:18)\n    at _drainQueueStep (http://server3.inet-cm.com:7016/__cypress/runner/cypress_runner.js:3772:12)\n    at _drainQueue (http://server3.inet-cm.com:7016/__cypress/runner/cypress_runner.js:3765:9)\n    at Async.../../node_modules/bluebird/js/release/async.js.Async._drainQueues (http://server3.inet-cm.com:7016/__cypress/runner/cypress_runner.js:3781:5)\n    at Async.drainQueues (http://server3.inet-cm.com:7016/__cypress/runner/cypress_runner.js:3651:14)",
                "diff": null
              },
              "uuid": "71169e62-d83d-4e9e-adbf-df5b4504b14e",
              "parentUUID": "35c5b22f-30cf-4fd3-9be6-6b0e188325c1",
              "isHook": false,
              "skipped": false
            }
          ],
          "suites": [],
          "passes": [],
          "failures": [
            "71169e62-d83d-4e9e-adbf-df5b4504b14e"
          ],
          "pending": [],
          "skipped": [],
          "duration": 16975,
          "root": false,
          "rootEmpty": false,
          "_timeout": 2000
        }
      ],
      "passes": [],
      "failures": [],
      "pending": [],
      "skipped": [],
      "duration": 0,
      "root": true,
      "rootEmpty": true,
      "_timeout": 2000
    }
  ],
  "meta": {
    "mocha": {
      "version": "7.0.1"
    },
    "mochawesome": {
      "options": {
        "quiet": false,
        "reportFilename": "mochawesome",
        "saveHtml": false,
        "saveJson": true,
        "consoleReporter": "spec",
        "useInlineDiffs": false,
        "code": true
      },
      "version": "6.1.1"
    },
    "marge": {
      "options": {
        "id": "default",
        "reportDir": "cypress/reports/mocha",
        "quite": true,
        "overwrite": false,
        "html": false,
        "json": true
      },
      "version": "5.1.0"
    }
  }
}