{
  "stats": {
    "suites": 1,
    "tests": 9,
    "passes": 4,
    "pending": 0,
    "failures": 5,
    "start": "2020-05-08T16:05:41.025Z",
    "end": "2020-05-08T16:06:54.157Z",
    "duration": 73132,
    "testsRegistered": 9,
    "passPercent": 44.44444444444444,
    "pendingPercent": 0,
    "other": 0,
    "hasOther": false,
    "skipped": 0,
    "hasSkipped": false
  },
  "results": [
    {
      "uuid": "39732910-ca06-4e25-8feb-b82fcc51a9e5",
      "title": "",
      "fullFile": "cypress/integration/examples/login.spec.js",
      "file": "cypress/integration/examples/login.spec.js",
      "beforeHooks": [],
      "afterHooks": [],
      "tests": [],
      "suites": [
        {
          "uuid": "949a223e-5a1d-4626-a45b-b33344599a0a",
          "title": "Login",
          "fullFile": "",
          "file": "",
          "beforeHooks": [],
          "afterHooks": [],
          "tests": [
            {
              "title": "it should display an error message when username and password are empty ",
              "fullTitle": "Login it should display an error message when username and password are empty ",
              "timedOut": null,
              "duration": 32094,
              "state": "failed",
              "speed": null,
              "pass": false,
              "fail": true,
              "pending": false,
              "context": null,
              "code": "cy.get('mdb-navbar.home-nav nav.navbar.navbar-expand-lg.navbar-dark div.navbar-collapse.collapse:nth-child(3) links:nth-child(1) ul.navbar-nav.auth-navbar-nav:nth-child(2) li:nth-child(1) > a.btn-primary.btn-submit.btn').should('be.visible').click();\ncy.get('body > app-root > app-auth > div > app-sign-in > div > form > div:nth-child(5) > button').should('be.visible').click();\nshowToastMessage();",
              "err": {
                "message": "AssertionError: Timed out retrying: Expected to find content: 'Entrée invalide ou incomplete' within the element: <div#toast-container.toast-top-right.toast-container> but never did.",
                "estack": "AssertionError: Timed out retrying: Expected to find content: 'Entrée invalide ou incomplete' within the element: <div#toast-container.toast-top-right.toast-container> but never did.\nAssertionError: Expected to find element: `:not(script,style):cy-contains('Entrée invalide ou incomplete'), [type='submit'][value~='Entrée invalide ou incomplete']`, but never found it.\n    at ensureExistence (http://server3.inet-cm.com:7016/__cypress/runner/cypress_runner.js:137673:32)\n    at Object.ensureElExistence (http://server3.inet-cm.com:7016/__cypress/runner/cypress_runner.js:137691:12)\n    at ensureExistence (http://server3.inet-cm.com:7016/__cypress/runner/cypress_runner.js:127867:23)\n    at onFailFn (http://server3.inet-cm.com:7016/__cypress/runner/cypress_runner.js:127905:9)\n    at tryCatcher (http://server3.inet-cm.com:7016/__cypress/runner/cypress_runner.js:9065:23)\n    at Promise._settlePromiseFromHandler (http://server3.inet-cm.com:7016/__cypress/runner/cypress_runner.js:7000:31)\n    at Promise._settlePromise (http://server3.inet-cm.com:7016/__cypress/runner/cypress_runner.js:7057:18)\n    at Promise._settlePromise0 (http://server3.inet-cm.com:7016/__cypress/runner/cypress_runner.js:7102:10)\n    at Promise._settlePromises (http://server3.inet-cm.com:7016/__cypress/runner/cypress_runner.js:7178:18)\n    at _drainQueueStep (http://server3.inet-cm.com:7016/__cypress/runner/cypress_runner.js:3772:12)\n    at _drainQueue (http://server3.inet-cm.com:7016/__cypress/runner/cypress_runner.js:3765:9)\n    at Async.../../node_modules/bluebird/js/release/async.js.Async._drainQueues (http://server3.inet-cm.com:7016/__cypress/runner/cypress_runner.js:3781:5)\n    at Async.drainQueues (http://server3.inet-cm.com:7016/__cypress/runner/cypress_runner.js:3651:14)",
                "diff": null
              },
              "uuid": "b29db80b-cb79-43b9-aac6-d1bc2a17543d",
              "parentUUID": "949a223e-5a1d-4626-a45b-b33344599a0a",
              "isHook": false,
              "skipped": false
            },
            {
              "title": "it should display error message when username field is empty ",
              "fullTitle": "Login it should display error message when username field is empty ",
              "timedOut": null,
              "duration": 7351,
              "state": "failed",
              "speed": null,
              "pass": false,
              "fail": true,
              "pending": false,
              "context": null,
              "code": "cy.get('mdb-navbar.home-nav nav.navbar.navbar-expand-lg.navbar-dark div.navbar-collapse.collapse:nth-child(3) links:nth-child(1) ul.navbar-nav.auth-navbar-nav:nth-child(2) li:nth-child(1) > a.btn-primary.btn-submit.btn').should('be.visible').click();\ncy.get('[id=password]').should('be.visible').type('0101abc');\ncy.get('body > app-root > app-auth > div > app-sign-in > div > form > div:nth-child(5) > button').should('be.visible').click();\nshowToastMessage();",
              "err": {
                "message": "AssertionError: Timed out retrying: Expected to find content: 'Entrée invalide ou incomplete' within the element: <div#toast-container.toast-top-right.toast-container> but never did.",
                "estack": "AssertionError: Timed out retrying: Expected to find content: 'Entrée invalide ou incomplete' within the element: <div#toast-container.toast-top-right.toast-container> but never did.\nAssertionError: Expected to find element: `:not(script,style):cy-contains('Entrée invalide ou incomplete'), [type='submit'][value~='Entrée invalide ou incomplete']`, but never found it.\n    at ensureExistence (http://server3.inet-cm.com:7016/__cypress/runner/cypress_runner.js:137673:32)\n    at Object.ensureElExistence (http://server3.inet-cm.com:7016/__cypress/runner/cypress_runner.js:137691:12)\n    at ensureExistence (http://server3.inet-cm.com:7016/__cypress/runner/cypress_runner.js:127867:23)\n    at onFailFn (http://server3.inet-cm.com:7016/__cypress/runner/cypress_runner.js:127905:9)\n    at tryCatcher (http://server3.inet-cm.com:7016/__cypress/runner/cypress_runner.js:9065:23)\n    at Promise._settlePromiseFromHandler (http://server3.inet-cm.com:7016/__cypress/runner/cypress_runner.js:7000:31)\n    at Promise._settlePromise (http://server3.inet-cm.com:7016/__cypress/runner/cypress_runner.js:7057:18)\n    at Promise._settlePromise0 (http://server3.inet-cm.com:7016/__cypress/runner/cypress_runner.js:7102:10)\n    at Promise._settlePromises (http://server3.inet-cm.com:7016/__cypress/runner/cypress_runner.js:7178:18)\n    at _drainQueueStep (http://server3.inet-cm.com:7016/__cypress/runner/cypress_runner.js:3772:12)\n    at _drainQueue (http://server3.inet-cm.com:7016/__cypress/runner/cypress_runner.js:3765:9)\n    at Async.../../node_modules/bluebird/js/release/async.js.Async._drainQueues (http://server3.inet-cm.com:7016/__cypress/runner/cypress_runner.js:3781:5)\n    at Async.drainQueues (http://server3.inet-cm.com:7016/__cypress/runner/cypress_runner.js:3651:14)",
                "diff": null
              },
              "uuid": "e6688f74-f267-4143-99d4-ffcde98e06fa",
              "parentUUID": "949a223e-5a1d-4626-a45b-b33344599a0a",
              "isHook": false,
              "skipped": false
            },
            {
              "title": "it should display error message when password field is empty ",
              "fullTitle": "Login it should display error message when password field is empty ",
              "timedOut": null,
              "duration": 7119,
              "state": "failed",
              "speed": null,
              "pass": false,
              "fail": true,
              "pending": false,
              "context": null,
              "code": "cy.get('mdb-navbar.home-nav nav.navbar.navbar-expand-lg.navbar-dark div.navbar-collapse.collapse:nth-child(3) links:nth-child(1) ul.navbar-nav.auth-navbar-nav:nth-child(2) li:nth-child(1) > a.btn-primary.btn-submit.btn').should('be.visible').click();\ncy.get('[id=username]').should('be.visible').type('237695859504');\ncy.get('body > app-root > app-auth > div > app-sign-in > div > form > div:nth-child(5) > button').should('be.visible').click();\nshowToastMessage();",
              "err": {
                "message": "AssertionError: Timed out retrying: Expected to find content: 'Entrée invalide ou incomplete' within the element: <div#toast-container.toast-top-right.toast-container> but never did.",
                "estack": "AssertionError: Timed out retrying: Expected to find content: 'Entrée invalide ou incomplete' within the element: <div#toast-container.toast-top-right.toast-container> but never did.\nAssertionError: Expected to find element: `:not(script,style):cy-contains('Entrée invalide ou incomplete'), [type='submit'][value~='Entrée invalide ou incomplete']`, but never found it.\n    at ensureExistence (http://server3.inet-cm.com:7016/__cypress/runner/cypress_runner.js:137673:32)\n    at Object.ensureElExistence (http://server3.inet-cm.com:7016/__cypress/runner/cypress_runner.js:137691:12)\n    at ensureExistence (http://server3.inet-cm.com:7016/__cypress/runner/cypress_runner.js:127867:23)\n    at onFailFn (http://server3.inet-cm.com:7016/__cypress/runner/cypress_runner.js:127905:9)\n    at tryCatcher (http://server3.inet-cm.com:7016/__cypress/runner/cypress_runner.js:9065:23)\n    at Promise._settlePromiseFromHandler (http://server3.inet-cm.com:7016/__cypress/runner/cypress_runner.js:7000:31)\n    at Promise._settlePromise (http://server3.inet-cm.com:7016/__cypress/runner/cypress_runner.js:7057:18)\n    at Promise._settlePromise0 (http://server3.inet-cm.com:7016/__cypress/runner/cypress_runner.js:7102:10)\n    at Promise._settlePromises (http://server3.inet-cm.com:7016/__cypress/runner/cypress_runner.js:7178:18)\n    at _drainQueueStep (http://server3.inet-cm.com:7016/__cypress/runner/cypress_runner.js:3772:12)\n    at _drainQueue (http://server3.inet-cm.com:7016/__cypress/runner/cypress_runner.js:3765:9)\n    at Async.../../node_modules/bluebird/js/release/async.js.Async._drainQueues (http://server3.inet-cm.com:7016/__cypress/runner/cypress_runner.js:3781:5)\n    at Async.drainQueues (http://server3.inet-cm.com:7016/__cypress/runner/cypress_runner.js:3651:14)",
                "diff": null
              },
              "uuid": "33a336c7-784e-41ae-820c-d87580e5503b",
              "parentUUID": "949a223e-5a1d-4626-a45b-b33344599a0a",
              "isHook": false,
              "skipped": false
            },
            {
              "title": "it should display error message when username and password are wrong ",
              "fullTitle": "Login it should display error message when username and password are wrong ",
              "timedOut": null,
              "duration": 4239,
              "state": "passed",
              "speed": "slow",
              "pass": true,
              "fail": false,
              "pending": false,
              "context": null,
              "code": "cy.login('inet', 'B0101abc');\ncy.get('#toast-container').contains(\"Erreur d'authentification\").should('be.visible');",
              "err": {},
              "uuid": "390a9c22-be1c-4e53-b5a2-3abec26e1d48",
              "parentUUID": "949a223e-5a1d-4626-a45b-b33344599a0a",
              "isHook": false,
              "skipped": false
            },
            {
              "title": "it should display error message when username is wrong ",
              "fullTitle": "Login it should display error message when username is wrong ",
              "timedOut": null,
              "duration": 5018,
              "state": "passed",
              "speed": "slow",
              "pass": true,
              "fail": false,
              "pending": false,
              "context": null,
              "code": "cy.login('Sinet', '0101abc');\ncy.get('#toast-container').contains(\"Erreur d'authentification\").should('be.visible');",
              "err": {},
              "uuid": "52a5b70a-e49b-445b-a473-b97f7ba86506",
              "parentUUID": "949a223e-5a1d-4626-a45b-b33344599a0a",
              "isHook": false,
              "skipped": false
            },
            {
              "title": "it should display error message when password is wrong ",
              "fullTitle": "Login it should display error message when password is wrong ",
              "timedOut": null,
              "duration": 1948,
              "state": "passed",
              "speed": "slow",
              "pass": true,
              "fail": false,
              "pending": false,
              "context": null,
              "code": "cy.login('237695859504', 'B0101abc');\ncy.get('#toast-container').contains(\"Erreur d'authentification\").should('be.visible');",
              "err": {},
              "uuid": "46ccee79-92e4-462b-b152-ab4a1a9e5ac0",
              "parentUUID": "949a223e-5a1d-4626-a45b-b33344599a0a",
              "isHook": false,
              "skipped": false
            },
            {
              "title": "it should display success message when credentials are good ",
              "fullTitle": "Login it should display success message when credentials are good ",
              "timedOut": null,
              "duration": 2397,
              "state": "passed",
              "speed": "slow",
              "pass": true,
              "fail": false,
              "pending": false,
              "context": null,
              "code": "cy.login('237695859504', '0101abc');\ncy.get('app-main-pages.ng-star-inserted:nth-child(2) div.main-page div:nth-child(2) div.container app-history.ng-star-inserted:nth-child(2) div.sub-link > a:nth-child(1)').should('be.visible');",
              "err": {},
              "uuid": "cdbc3440-fa59-467b-85a7-a43e55141936",
              "parentUUID": "949a223e-5a1d-4626-a45b-b33344599a0a",
              "isHook": false,
              "skipped": false
            },
            {
              "title": "it should display success message when login with username not with user number othervise ask user to enter number not username ",
              "fullTitle": "Login it should display success message when login with username not with user number othervise ask user to enter number not username ",
              "timedOut": null,
              "duration": 5887,
              "state": "failed",
              "speed": null,
              "pass": false,
              "fail": true,
              "pending": false,
              "context": null,
              "code": "//here valid login number is 237667646589\ncy.login('inet', 'inet12345');\ncy.get('app-main-pages.ng-star-inserted:nth-child(2) div.main-page div:nth-child(2) div.container app-history.ng-star-inserted:nth-child(2) div.sub-link > a:nth-child(1)').should('be.visible');",
              "err": {
                "message": "AssertionError: Timed out retrying: Expected to find element: `app-main-pages.ng-star-inserted:nth-child(2) div.main-page div:nth-child(2) div.container app-history.ng-star-inserted:nth-child(2) div.sub-link > a:nth-child(1)`, but never found it.",
                "estack": "AssertionError: Timed out retrying: Expected to find element: `app-main-pages.ng-star-inserted:nth-child(2) div.main-page div:nth-child(2) div.container app-history.ng-star-inserted:nth-child(2) div.sub-link > a:nth-child(1)`, but never found it.\n    at ensureExistence (http://server3.inet-cm.com:7016/__cypress/runner/cypress_runner.js:137673:32)\n    at Object.ensureElExistence (http://server3.inet-cm.com:7016/__cypress/runner/cypress_runner.js:137691:12)\n    at ensureExistence (http://server3.inet-cm.com:7016/__cypress/runner/cypress_runner.js:127867:23)\n    at onFailFn (http://server3.inet-cm.com:7016/__cypress/runner/cypress_runner.js:127905:9)\n    at tryCatcher (http://server3.inet-cm.com:7016/__cypress/runner/cypress_runner.js:9065:23)\n    at Promise._settlePromiseFromHandler (http://server3.inet-cm.com:7016/__cypress/runner/cypress_runner.js:7000:31)\n    at Promise._settlePromise (http://server3.inet-cm.com:7016/__cypress/runner/cypress_runner.js:7057:18)\n    at Promise._settlePromise0 (http://server3.inet-cm.com:7016/__cypress/runner/cypress_runner.js:7102:10)\n    at Promise._settlePromises (http://server3.inet-cm.com:7016/__cypress/runner/cypress_runner.js:7178:18)\n    at _drainQueueStep (http://server3.inet-cm.com:7016/__cypress/runner/cypress_runner.js:3772:12)\n    at _drainQueue (http://server3.inet-cm.com:7016/__cypress/runner/cypress_runner.js:3765:9)\n    at Async.../../node_modules/bluebird/js/release/async.js.Async._drainQueues (http://server3.inet-cm.com:7016/__cypress/runner/cypress_runner.js:3781:5)\n    at Async.drainQueues (http://server3.inet-cm.com:7016/__cypress/runner/cypress_runner.js:3651:14)",
                "diff": null
              },
              "uuid": "9f33dbcc-4aa2-4604-a9f4-d6016b8e3d3d",
              "parentUUID": "949a223e-5a1d-4626-a45b-b33344599a0a",
              "isHook": false,
              "skipped": false
            },
            {
              "title": "it should display success message when login with valid number without 237 ",
              "fullTitle": "Login it should display success message when login with valid number without 237 ",
              "timedOut": null,
              "duration": 5610,
              "state": "failed",
              "speed": null,
              "pass": false,
              "fail": true,
              "pending": false,
              "context": null,
              "code": "//here valid login number is 237667646589\ncy.login('667646589', 'inet12345');\ncy.get('app-main-pages.ng-star-inserted:nth-child(2) div.main-page div:nth-child(2) div.container app-history.ng-star-inserted:nth-child(2) div.sub-link > a:nth-child(1)').should('be.visible');",
              "err": {
                "message": "AssertionError: Timed out retrying: Expected to find element: `app-main-pages.ng-star-inserted:nth-child(2) div.main-page div:nth-child(2) div.container app-history.ng-star-inserted:nth-child(2) div.sub-link > a:nth-child(1)`, but never found it.",
                "estack": "AssertionError: Timed out retrying: Expected to find element: `app-main-pages.ng-star-inserted:nth-child(2) div.main-page div:nth-child(2) div.container app-history.ng-star-inserted:nth-child(2) div.sub-link > a:nth-child(1)`, but never found it.\n    at ensureExistence (http://server3.inet-cm.com:7016/__cypress/runner/cypress_runner.js:137673:32)\n    at Object.ensureElExistence (http://server3.inet-cm.com:7016/__cypress/runner/cypress_runner.js:137691:12)\n    at ensureExistence (http://server3.inet-cm.com:7016/__cypress/runner/cypress_runner.js:127867:23)\n    at onFailFn (http://server3.inet-cm.com:7016/__cypress/runner/cypress_runner.js:127905:9)\n    at tryCatcher (http://server3.inet-cm.com:7016/__cypress/runner/cypress_runner.js:9065:23)\n    at Promise._settlePromiseFromHandler (http://server3.inet-cm.com:7016/__cypress/runner/cypress_runner.js:7000:31)\n    at Promise._settlePromise (http://server3.inet-cm.com:7016/__cypress/runner/cypress_runner.js:7057:18)\n    at Promise._settlePromise0 (http://server3.inet-cm.com:7016/__cypress/runner/cypress_runner.js:7102:10)\n    at Promise._settlePromises (http://server3.inet-cm.com:7016/__cypress/runner/cypress_runner.js:7178:18)\n    at _drainQueueStep (http://server3.inet-cm.com:7016/__cypress/runner/cypress_runner.js:3772:12)\n    at _drainQueue (http://server3.inet-cm.com:7016/__cypress/runner/cypress_runner.js:3765:9)\n    at Async.../../node_modules/bluebird/js/release/async.js.Async._drainQueues (http://server3.inet-cm.com:7016/__cypress/runner/cypress_runner.js:3781:5)\n    at Async.drainQueues (http://server3.inet-cm.com:7016/__cypress/runner/cypress_runner.js:3651:14)",
                "diff": null
              },
              "uuid": "98cf3ce4-cad6-49e2-bf39-5dc70b2e83ac",
              "parentUUID": "949a223e-5a1d-4626-a45b-b33344599a0a",
              "isHook": false,
              "skipped": false
            }
          ],
          "suites": [],
          "passes": [
            "390a9c22-be1c-4e53-b5a2-3abec26e1d48",
            "52a5b70a-e49b-445b-a473-b97f7ba86506",
            "46ccee79-92e4-462b-b152-ab4a1a9e5ac0",
            "cdbc3440-fa59-467b-85a7-a43e55141936"
          ],
          "failures": [
            "b29db80b-cb79-43b9-aac6-d1bc2a17543d",
            "e6688f74-f267-4143-99d4-ffcde98e06fa",
            "33a336c7-784e-41ae-820c-d87580e5503b",
            "9f33dbcc-4aa2-4604-a9f4-d6016b8e3d3d",
            "98cf3ce4-cad6-49e2-bf39-5dc70b2e83ac"
          ],
          "pending": [],
          "skipped": [],
          "duration": 71663,
          "root": false,
          "rootEmpty": false,
          "_timeout": 2000
        }
      ],
      "passes": [],
      "failures": [],
      "pending": [],
      "skipped": [],
      "duration": 0,
      "root": true,
      "rootEmpty": true,
      "_timeout": 2000
    }
  ],
  "meta": {
    "mocha": {
      "version": "7.0.1"
    },
    "mochawesome": {
      "options": {
        "quiet": false,
        "reportFilename": "mochawesome",
        "saveHtml": false,
        "saveJson": true,
        "consoleReporter": "spec",
        "useInlineDiffs": false,
        "code": true
      },
      "version": "6.1.1"
    },
    "marge": {
      "options": {
        "id": "default",
        "reportDir": "cypress/reports/mocha",
        "quite": true,
        "overwrite": false,
        "html": false,
        "json": true
      },
      "version": "5.1.0"
    }
  }
}