{
  "stats": {
    "suites": 1,
    "tests": 0,
    "passes": 0,
    "pending": 0,
    "failures": 0,
    "start": "2020-05-08T16:02:32.343Z",
    "end": "2020-05-08T16:03:51.692Z",
    "duration": 79349,
    "testsRegistered": 6,
    "passPercent": 0,
    "pendingPercent": 0,
    "other": 1,
    "hasOther": true,
    "skipped": 6,
    "hasSkipped": true
  },
  "results": [
    {
      "uuid": "c786d22b-9355-4727-b16b-5e62de8a78fe",
      "title": "",
      "fullFile": "cypress/integration/examples/addNewCampaign.spec.js",
      "file": "cypress/integration/examples/addNewCampaign.spec.js",
      "beforeHooks": [],
      "afterHooks": [],
      "tests": [],
      "suites": [
        {
          "uuid": "f76d359a-13c7-4543-adce-7a8cf8771259",
          "title": "create new campaign",
          "fullFile": "",
          "file": "",
          "beforeHooks": [],
          "afterHooks": [],
          "tests": [
            {
              "title": "add new contact",
              "fullTitle": "create new campaign add new contact",
              "timedOut": null,
              "duration": 64877,
              "state": "failed",
              "speed": null,
              "pass": false,
              "fail": true,
              "pending": false,
              "context": null,
              "code": "cy.get('body > app-root > app-main-pages > div > div:nth-child(2) > div.container > app-history > div:nth-child(2) > app-new-campaign > div > app-new-campaign-from-directory > div > div > form > div:nth-child(2) > div > angular2-multiselect > div > div.selected-list > div > div > div > span.c-label.ng-star-inserted > span').contains('650044824');\ncy.log(\"send Message\");\ncy.sendMessage('klausCamp', 'klaus', 'hello');\ncy.log('confirmer');\ncy.get('[style=\"background-color: #a25e0c !important;color: #fff !important;\"]').click();",
              "err": {
                "message": "AssertionError: Timed out retrying: Expected to find element: `[id=number]`, but never found it.\n\nBecause this error occurred during a `before each` hook we are skipping the remaining tests in the current suite: `create new campaign`",
                "estack": "AssertionError: Timed out retrying: Expected to find element: `[id=number]`, but never found it.\n\nBecause this error occurred during a `before each` hook we are skipping the remaining tests in the current suite: `create new campaign`\n    at ensureExistence (http://server3.inet-cm.com:7016/__cypress/runner/cypress_runner.js:137673:32)\n    at Object.ensureElExistence (http://server3.inet-cm.com:7016/__cypress/runner/cypress_runner.js:137691:12)\n    at ensureExistence (http://server3.inet-cm.com:7016/__cypress/runner/cypress_runner.js:127867:23)\n    at onFailFn (http://server3.inet-cm.com:7016/__cypress/runner/cypress_runner.js:127905:9)\n    at tryCatcher (http://server3.inet-cm.com:7016/__cypress/runner/cypress_runner.js:9065:23)\n    at Promise._settlePromiseFromHandler (http://server3.inet-cm.com:7016/__cypress/runner/cypress_runner.js:7000:31)\n    at Promise._settlePromise (http://server3.inet-cm.com:7016/__cypress/runner/cypress_runner.js:7057:18)\n    at Promise._settlePromise0 (http://server3.inet-cm.com:7016/__cypress/runner/cypress_runner.js:7102:10)\n    at Promise._settlePromises (http://server3.inet-cm.com:7016/__cypress/runner/cypress_runner.js:7178:18)\n    at _drainQueueStep (http://server3.inet-cm.com:7016/__cypress/runner/cypress_runner.js:3772:12)\n    at _drainQueue (http://server3.inet-cm.com:7016/__cypress/runner/cypress_runner.js:3765:9)\n    at Async.../../node_modules/bluebird/js/release/async.js.Async._drainQueues (http://server3.inet-cm.com:7016/__cypress/runner/cypress_runner.js:3781:5)\n    at Async.drainQueues (http://server3.inet-cm.com:7016/__cypress/runner/cypress_runner.js:3651:14)",
                "diff": null
              },
              "uuid": "4b4ede59-9706-4db3-828e-119694a18efe",
              "parentUUID": "f76d359a-13c7-4543-adce-7a8cf8771259",
              "isHook": false,
              "skipped": false
            },
            {
              "title": "Send sms with  expediteur name  char > 8 ",
              "fullTitle": "create new campaign Send sms with  expediteur name  char > 8 ",
              "timedOut": null,
              "duration": 0,
              "state": "skipped",
              "speed": null,
              "pass": false,
              "fail": false,
              "pending": false,
              "context": null,
              "code": "cy.get('body > app-root > app-main-pages > div > div:nth-child(2) > div.container > app-history > div:nth-child(2) > app-new-campaign > div > app-new-campaign-from-directory > div > div > form > div:nth-child(2) > div > angular2-multiselect > div > div.selected-list > div > div > div > span.c-label.ng-star-inserted > span').contains('650044824');\ncy.log(\"send Message\");\ncy.sendMessage('klausCamp', 'venderlich', 'hello');\ncy.get('#toast-container').contains(\"Le nom de l'expediteur doit etre inferieur à 8 caractères\");",
              "err": {},
              "uuid": "a7ded5ab-4469-4f9e-8f57-68f71a725906",
              "parentUUID": "f76d359a-13c7-4543-adce-7a8cf8771259",
              "isHook": false,
              "skipped": true
            },
            {
              "title": "Send sms with missing sms ",
              "fullTitle": "create new campaign Send sms with missing sms ",
              "timedOut": null,
              "duration": 0,
              "state": "skipped",
              "speed": null,
              "pass": false,
              "fail": false,
              "pending": false,
              "context": null,
              "code": "cy.log(\"NO sms\");\ncy.get('div.main-page div.container div.main-directory-container:nth-child(2) div.container.send-sms-container.z-depth-1 form.form.send-sms-form.ng-untouched.ng-pristine.ng-invalid div.ng-autocomplete.md-form:nth-child(3) ng-autocomplete.ng-autocomplete.ng-untouched.ng-pristine.ng-invalid div.autocomplete-container div.input-container:nth-child(1) > input.ng-untouched.ng-pristine.ng-valid').type('campaignName');\ncy.get('div.main-page div.container div.main-directory-container:nth-child(2) div.container.send-sms-container.z-depth-1 form.form.send-sms-form.ng-untouched.ng-invalid.ng-dirty div.ng-autocomplete.md-form:nth-child(4) ng-autocomplete.ng-autocomplete.ng-untouched.ng-pristine.ng-invalid div.autocomplete-container div.input-container:nth-child(1) > input.ng-untouched.ng-pristine.ng-valid').type('sender');\ncy.get('[style=\"display: flex;width: 100%;\"] > :nth-child(4)').click();\ncy.get('#toast-container').contains('Entrées invalides ou incomplete');",
              "err": {},
              "uuid": "2f0504d8-13b2-442b-ac40-c21ea8b52a57",
              "parentUUID": "f76d359a-13c7-4543-adce-7a8cf8771259",
              "isHook": false,
              "skipped": true
            },
            {
              "title": "Plan campaign",
              "fullTitle": "create new campaign Plan campaign",
              "timedOut": null,
              "duration": 0,
              "state": "skipped",
              "speed": null,
              "pass": false,
              "fail": false,
              "pending": false,
              "context": null,
              "code": "cy.planCampaign('klausCamp', 'klaus', 'hello');\ncy.log(\"select day and date\");\ncy.get('#plannedDate').type('2020-12-20');\ncy.get('#hour').select('20');\ncy.get('#minute').select('30');\ncy.get(':nth-child(2) > .form-control').click(); //Planifier\ncy.log('check is the planned campaign is save in save');\ncy.log('verification');\ncy.get('tbody > :nth-child(1) > :nth-child(2)').contains('klausCamp');",
              "err": {},
              "uuid": "c1cdd134-cdf7-4dd5-814a-2a7530e856b3",
              "parentUUID": "f76d359a-13c7-4543-adce-7a8cf8771259",
              "isHook": false,
              "skipped": true
            },
            {
              "title": "Cancel campaign",
              "fullTitle": "create new campaign Cancel campaign",
              "timedOut": null,
              "duration": 0,
              "state": "skipped",
              "speed": null,
              "pass": false,
              "fail": false,
              "pending": false,
              "context": null,
              "code": "cy.log(\"plan campaign\");\ncy.planCampaign('klausCamp', 'klaus', 'hello');\ncy.get('div.main-page div.container div.main-directory-container:nth-child(2) div.container.send-sms-container.z-depth-1 div:nth-child(2) form.form.send-sms-form.ng-untouched.ng-pristine.ng-invalid div.md-form:nth-child(7) > button.form-control.btn-primary.btn-submit.btn:nth-child(1)').click(); // click on cancel button\ncy.get('body > app-root > app-main-pages > div > div:nth-child(2) > div.container > app-history > div:nth-child(2) > app-new-campaign > div > app-new-campaign-from-directory > div > div > form > div:nth-child(2) > div > angular2-multiselect > div > div.selected-list > div > div > div > span.c-label.ng-star-inserted > span').should('be.empty');",
              "err": {},
              "uuid": "42bbe11b-6570-41a5-a185-9245b3e1894a",
              "parentUUID": "f76d359a-13c7-4543-adce-7a8cf8771259",
              "isHook": false,
              "skipped": true
            },
            {
              "title": "cancel campaign",
              "fullTitle": "create new campaign cancel campaign",
              "timedOut": null,
              "duration": 0,
              "state": "skipped",
              "speed": null,
              "pass": false,
              "fail": false,
              "pending": false,
              "context": null,
              "code": "cy.log(\"send Message\");\ncy.get('div.main-page div.container div.main-directory-container:nth-child(2) div.container.send-sms-container.z-depth-1 form.form.send-sms-form.ng-untouched.ng-pristine.ng-invalid div.ng-autocomplete.md-form:nth-child(3) ng-autocomplete.ng-autocomplete.ng-untouched.ng-pristine.ng-invalid div.autocomplete-container div.input-container:nth-child(1) > input.ng-untouched.ng-pristine.ng-valid').type('klausCamp');\ncy.get('div.main-page div.container div.main-directory-container:nth-child(2) div.container.send-sms-container.z-depth-1 form.form.send-sms-form.ng-untouched.ng-invalid.ng-dirty div.ng-autocomplete.md-form:nth-child(4) ng-autocomplete.ng-autocomplete.ng-untouched.ng-pristine.ng-invalid div.autocomplete-container div.input-container:nth-child(1) > input.ng-untouched.ng-pristine.ng-valid').type('klaus');\ncy.get('[id=textarea]').type('hello');\ncy.get('[style=\"display: flex;width: 100%;\"] > :nth-child(1)').click(); // click on cancel button\ncy.get('body > app-root > app-main-pages > div > div:nth-child(2) > div.container > app-history > div:nth-child(2) > app-new-campaign > div > app-new-campaign-from-directory > div > div > form > div:nth-child(2) > div > angular2-multiselect > div > div.selected-list > div > div > div > span.c-label.ng-star-inserted > span').should('be.empty');",
              "err": {},
              "uuid": "2bd0121b-7782-456f-a6e0-17d9423a27a2",
              "parentUUID": "f76d359a-13c7-4543-adce-7a8cf8771259",
              "isHook": false,
              "skipped": true
            }
          ],
          "suites": [],
          "passes": [],
          "failures": [
            "4b4ede59-9706-4db3-828e-119694a18efe"
          ],
          "pending": [],
          "skipped": [
            "a7ded5ab-4469-4f9e-8f57-68f71a725906",
            "2f0504d8-13b2-442b-ac40-c21ea8b52a57",
            "c1cdd134-cdf7-4dd5-814a-2a7530e856b3",
            "42bbe11b-6570-41a5-a185-9245b3e1894a",
            "2bd0121b-7782-456f-a6e0-17d9423a27a2"
          ],
          "duration": 64877,
          "root": false,
          "rootEmpty": false,
          "_timeout": 2000
        }
      ],
      "passes": [],
      "failures": [],
      "pending": [],
      "skipped": [],
      "duration": 0,
      "root": true,
      "rootEmpty": true,
      "_timeout": 2000
    }
  ],
  "meta": {
    "mocha": {
      "version": "7.0.1"
    },
    "mochawesome": {
      "options": {
        "quiet": false,
        "reportFilename": "mochawesome",
        "saveHtml": false,
        "saveJson": true,
        "consoleReporter": "spec",
        "useInlineDiffs": false,
        "code": true
      },
      "version": "6.1.1"
    },
    "marge": {
      "options": {
        "id": "default",
        "reportDir": "cypress/reports/mocha",
        "quite": true,
        "overwrite": false,
        "html": false,
        "json": true
      },
      "version": "5.1.0"
    }
  }
}