{
  "stats": {
    "suites": 1,
    "tests": 2,
    "passes": 0,
    "pending": 0,
    "failures": 2,
    "start": "2020-05-08T16:04:45.505Z",
    "end": "2020-05-08T16:05:30.513Z",
    "duration": 45008,
    "testsRegistered": 2,
    "passPercent": 0,
    "pendingPercent": 0,
    "other": 0,
    "hasOther": false,
    "skipped": 0,
    "hasSkipped": false
  },
  "results": [
    {
      "uuid": "b26b3426-1db6-48c7-b845-34f9e894f2b0",
      "title": "",
      "fullFile": "cypress/integration/examples/history.spec.js",
      "file": "cypress/integration/examples/history.spec.js",
      "beforeHooks": [],
      "afterHooks": [],
      "tests": [],
      "suites": [
        {
          "uuid": "05409011-47a9-4a15-ba3e-9f9cc03fbfca",
          "title": "create new campaign",
          "fullFile": "",
          "file": "",
          "beforeHooks": [],
          "afterHooks": [],
          "tests": [
            {
              "title": "check list of campaigns carried out",
              "fullTitle": "create new campaign check list of campaigns carried out",
              "timedOut": null,
              "duration": 24756,
              "state": "failed",
              "speed": null,
              "pass": false,
              "fail": true,
              "pending": false,
              "context": null,
              "code": "cy.log(\"send Message\");\ncy.sendMessage('klausCamp', 'klaus', 'hello');\ncy.log('confirmer');\ncy.get('[style=\"background-color: #a25e0c !important;color: #fff !important;\"]').click();\ncy.get('div.main-page div:nth-child(2) div.container app-history.ng-star-inserted:nth-child(2) div.sub-link > a.active:nth-child(2)').click(); //click on effectuee button\ncy.log('check  campaign name ');\ncy.get('tbody > :nth-child(1) > :nth-child(2)').contains('klausCamp');\ncy.log('check  sender name');\ncy.get('tbody > :nth-child(1) > :nth-child(3)').contains('klaus');\ncy.log('check if receiver contact exist in the campaign list');\ncy.get('tbody > :nth-child(1) > :nth-child(7)').contains('1 contact(s)');\ncy.log('check status');\ncy.get('tbody > :nth-child(1) > :nth-child(10)').contains('FAILED');\ncy.log('check credit');\ncy.get('tbody > :nth-child(1) > :nth-child(9)').contains('1');",
              "err": {
                "message": "AssertionError: Timed out retrying: Expected to find element: `div.main-page div:nth-child(2) div.container app-history.ng-star-inserted:nth-child(2) div.sub-link > a.active:nth-child(2)`, but never found it.",
                "estack": "AssertionError: Timed out retrying: Expected to find element: `div.main-page div:nth-child(2) div.container app-history.ng-star-inserted:nth-child(2) div.sub-link > a.active:nth-child(2)`, but never found it.\n    at ensureExistence (http://server3.inet-cm.com:7016/__cypress/runner/cypress_runner.js:137673:32)\n    at Object.ensureElExistence (http://server3.inet-cm.com:7016/__cypress/runner/cypress_runner.js:137691:12)\n    at ensureExistence (http://server3.inet-cm.com:7016/__cypress/runner/cypress_runner.js:127867:23)\n    at onFailFn (http://server3.inet-cm.com:7016/__cypress/runner/cypress_runner.js:127905:9)\n    at tryCatcher (http://server3.inet-cm.com:7016/__cypress/runner/cypress_runner.js:9065:23)\n    at Promise._settlePromiseFromHandler (http://server3.inet-cm.com:7016/__cypress/runner/cypress_runner.js:7000:31)\n    at Promise._settlePromise (http://server3.inet-cm.com:7016/__cypress/runner/cypress_runner.js:7057:18)\n    at Promise._settlePromise0 (http://server3.inet-cm.com:7016/__cypress/runner/cypress_runner.js:7102:10)\n    at Promise._settlePromises (http://server3.inet-cm.com:7016/__cypress/runner/cypress_runner.js:7178:18)\n    at _drainQueueStep (http://server3.inet-cm.com:7016/__cypress/runner/cypress_runner.js:3772:12)\n    at _drainQueue (http://server3.inet-cm.com:7016/__cypress/runner/cypress_runner.js:3765:9)\n    at Async.../../node_modules/bluebird/js/release/async.js.Async._drainQueues (http://server3.inet-cm.com:7016/__cypress/runner/cypress_runner.js:3781:5)\n    at Async.drainQueues (http://server3.inet-cm.com:7016/__cypress/runner/cypress_runner.js:3651:14)",
                "diff": null
              },
              "uuid": "918a003f-1d0b-45ad-b5e3-d2344ad408ce",
              "parentUUID": "05409011-47a9-4a15-ba3e-9f9cc03fbfca",
              "isHook": false,
              "skipped": false
            },
            {
              "title": "check list of campaigns planned",
              "fullTitle": "create new campaign check list of campaigns planned",
              "timedOut": null,
              "duration": 18317,
              "state": "failed",
              "speed": null,
              "pass": false,
              "fail": true,
              "pending": false,
              "context": null,
              "code": "cy.log(\"plan campaign\");\ncy.planCampaign('klausCamp', 'klaus', 'hello');\ncy.log(\"select day and date\");\ncy.get('#plannedDate').type('2020-12-20');\ncy.get('#hour').select('20');\ncy.get('#minute').select('30');\ncy.get(':nth-child(2) > .form-control').click(); //Planifier\ncy.log('check  campaign name ');\ncy.get('tbody > :nth-child(1) > :nth-child(2)').contains('klausCamp');\ncy.log('check  sender name');\ncy.get('tbody > :nth-child(1) > :nth-child(3)').contains('klaus');\ncy.log('check if receiver contact exist in the campaign list');\ncy.get('tbody > :nth-child(1) > :nth-child(7)').contains('1 contact(s)');\ncy.log('check status');\ncy.get('tbody > :nth-child(1) > :nth-child(10)').contains('FAILED');\ncy.log('check credit');\ncy.get('tbody > :nth-child(1) > :nth-child(9)').contains('1');",
              "err": {
                "message": "AssertionError: Timed out retrying: Expected to find element: `tbody > :nth-child(1) > :nth-child(2)`, but never found it.",
                "estack": "AssertionError: Timed out retrying: Expected to find element: `tbody > :nth-child(1) > :nth-child(2)`, but never found it.\n    at ensureExistence (http://server3.inet-cm.com:7016/__cypress/runner/cypress_runner.js:137673:32)\n    at Object.ensureElExistence (http://server3.inet-cm.com:7016/__cypress/runner/cypress_runner.js:137691:12)\n    at ensureExistence (http://server3.inet-cm.com:7016/__cypress/runner/cypress_runner.js:127867:23)\n    at onFailFn (http://server3.inet-cm.com:7016/__cypress/runner/cypress_runner.js:127905:9)\n    at tryCatcher (http://server3.inet-cm.com:7016/__cypress/runner/cypress_runner.js:9065:23)\n    at Promise._settlePromiseFromHandler (http://server3.inet-cm.com:7016/__cypress/runner/cypress_runner.js:7000:31)\n    at Promise._settlePromise (http://server3.inet-cm.com:7016/__cypress/runner/cypress_runner.js:7057:18)\n    at Promise._settlePromise0 (http://server3.inet-cm.com:7016/__cypress/runner/cypress_runner.js:7102:10)\n    at Promise._settlePromises (http://server3.inet-cm.com:7016/__cypress/runner/cypress_runner.js:7178:18)\n    at _drainQueueStep (http://server3.inet-cm.com:7016/__cypress/runner/cypress_runner.js:3772:12)\n    at _drainQueue (http://server3.inet-cm.com:7016/__cypress/runner/cypress_runner.js:3765:9)\n    at Async.../../node_modules/bluebird/js/release/async.js.Async._drainQueues (http://server3.inet-cm.com:7016/__cypress/runner/cypress_runner.js:3781:5)\n    at Async.drainQueues (http://server3.inet-cm.com:7016/__cypress/runner/cypress_runner.js:3651:14)",
                "diff": null
              },
              "uuid": "78049375-6530-40bb-9899-3dba2dfe7307",
              "parentUUID": "05409011-47a9-4a15-ba3e-9f9cc03fbfca",
              "isHook": false,
              "skipped": false
            }
          ],
          "suites": [],
          "passes": [],
          "failures": [
            "918a003f-1d0b-45ad-b5e3-d2344ad408ce",
            "78049375-6530-40bb-9899-3dba2dfe7307"
          ],
          "pending": [],
          "skipped": [],
          "duration": 43073,
          "root": false,
          "rootEmpty": false,
          "_timeout": 2000
        }
      ],
      "passes": [],
      "failures": [],
      "pending": [],
      "skipped": [],
      "duration": 0,
      "root": true,
      "rootEmpty": true,
      "_timeout": 2000
    }
  ],
  "meta": {
    "mocha": {
      "version": "7.0.1"
    },
    "mochawesome": {
      "options": {
        "quiet": false,
        "reportFilename": "mochawesome",
        "saveHtml": false,
        "saveJson": true,
        "consoleReporter": "spec",
        "useInlineDiffs": false,
        "code": true
      },
      "version": "6.1.1"
    },
    "marge": {
      "options": {
        "id": "default",
        "reportDir": "cypress/reports/mocha",
        "quite": true,
        "overwrite": false,
        "html": false,
        "json": true
      },
      "version": "5.1.0"
    }
  }
}